<?xml version="1.0" encoding="UTF-8"?>
<!-- Generated by org.testng.reporters.JUnitReportReporter -->
<testsuite hostname="DESKTOP-ETHBOOO" failures="0" tests="1" name="moneypurse.ShgOnBoardTest" time="114.939" errors="0" timestamp="2022-02-19T11:13:08 IST" skipped="0">
  <testcase classname="moneypurse.ShgOnBoardTest" name="createShgGroup" time="114.939"/>
  <system-out/>
</testsuite> <!-- moneypurse.ShgOnBoardTest -->
