<?xml version="1.0" encoding="UTF-8"?>
<!-- Generated by org.testng.reporters.JUnitReportReporter -->
<testsuite hostname="DESKTOP-ETHBOOO" failures="0" tests="1" name="moneypurse.ApplicationTest" time="692.464" errors="0" timestamp="2022-02-18T23:23:51 IST" skipped="0">
  <testcase classname="moneypurse.ApplicationTest" name="moneypurseApp" time="692.464"/>
  <system-out/>
</testsuite> <!-- moneypurse.ApplicationTest -->
