<?xml version="1.0" encoding="UTF-8"?>
<!-- Generated by org.testng.reporters.JUnitReportReporter -->
<testsuite hostname="DESKTOP-ETHBOOO" failures="0" tests="1" name="moneypurse.OnBoardShg01" time="0.028" errors="0" timestamp="2022-02-12T16:45:32 IST" skipped="0">
  <testcase classname="moneypurse.OnBoardShg01" name="createShg" time="0.028"/>
  <system-out/>
</testsuite> <!-- moneypurse.OnBoardShg01 -->
