<?xml version="1.0" encoding="UTF-8"?>
<!-- Generated by org.testng.reporters.JUnitReportReporter -->
<testsuite hostname="DESKTOP-ETHBOOO" failures="0" tests="1" name="moneypurse.LoginTest01" time="57.760" errors="0" timestamp="2022-02-12T16:31:49 IST" skipped="0">
  <testcase classname="moneypurse.LoginTest01" name="openMoneyPurse" time="57.760"/>
  <system-out/>
</testsuite> <!-- moneypurse.LoginTest01 -->
