<?xml version="1.0" encoding="UTF-8"?>
<!-- Generated by org.testng.reporters.JUnitReportReporter -->
<testsuite hostname="DESKTOP-ETHBOOO" failures="0" tests="1" name="moneypurse.LoginTest" time="0.010" errors="0" timestamp="2022-02-18T11:04:32 IST" skipped="0">
  <testcase classname="moneypurse.LoginTest" name="openMoneyPurse" time="0.010"/>
  <system-out/>
</testsuite> <!-- moneypurse.LoginTest -->
